EXCEPTION: 03/12/2021 13:33:56
========================================
'The invocation of the constructor on type 'WPFUI.MainWindow' that matches the specified binding constraints threw an exception.' Line number '7' and line position '9'.
   at System.Windows.Markup.XamlReader.RewrapException(Exception e, IXamlLineInfo lineInfo, Uri baseUri)
   at System.Windows.Markup.WpfXamlLoader.Load(XamlReader xamlReader, IXamlObjectWriterFactory writerFactory, Boolean skipJournaledProperties, Object rootObject, XamlObjectWriterSettings settings, Uri baseUri)
   at System.Windows.Markup.WpfXamlLoader.LoadBaml(XamlReader xamlReader, Boolean skipJournaledProperties, Object rootObject, XamlAccessLevel accessLevel, Uri baseUri)
   at System.Windows.Markup.XamlReader.LoadBaml(Stream stream, ParserContext parserContext, Object parent, Boolean closeStream)
   at System.Windows.Application.LoadBamlStreamWithSyncInfo(Stream stream, ParserContext pc)
   at System.Windows.Application.LoadComponent(Uri resourceLocator, Boolean bSkipJournaledProperties)
   at System.Windows.Application.DoStartup()
   at System.Windows.Application.<.ctor>b__1_0(Object unused)
   at System.Windows.Threading.ExceptionWrapper.InternalRealCall(Delegate callback, Object args, Int32 numArgs)
   at System.Windows.Threading.ExceptionWrapper.TryCatchWhen(Object source, Delegate callback, Object args, Int32 numArgs, Delegate catchHandler)

INNER EXCEPTION
----------------------------------------
Attempted to divide by zero.
   at Engine.Factories.ItemFactory.CreateGameItem(Int32 itemTypeID) in D:\Projects\XAML-and-csharp-Beginner-RPG\Engine\Factories\ItemFactory.cs:line 41
   at Engine.ViewModels.GameSession..ctor() in D:\Projects\XAML-and-csharp-Beginner-RPG\Engine\ViewModels\GameSession.cs:line 135
   at WPFUI.MainWindow..ctor() in D:\Projects\XAML-and-csharp-Beginner-RPG\WPFUI\MainWindow.xaml.cs:line 29

EXCEPTION: 03/12/2021 13:36:10
========================================
'The invocation of the constructor on type 'WPFUI.MainWindow' that matches the specified binding constraints threw an exception.' Line number '7' and line position '9'.
   at System.Windows.Markup.XamlReader.RewrapException(Exception e, IXamlLineInfo lineInfo, Uri baseUri)
   at System.Windows.Markup.WpfXamlLoader.Load(XamlReader xamlReader, IXamlObjectWriterFactory writerFactory, Boolean skipJournaledProperties, Object rootObject, XamlObjectWriterSettings settings, Uri baseUri)
   at System.Windows.Markup.WpfXamlLoader.LoadBaml(XamlReader xamlReader, Boolean skipJournaledProperties, Object rootObject, XamlAccessLevel accessLevel, Uri baseUri)
   at System.Windows.Markup.XamlReader.LoadBaml(Stream stream, ParserContext parserContext, Object parent, Boolean closeStream)
   at System.Windows.Application.LoadBamlStreamWithSyncInfo(Stream stream, ParserContext pc)
   at System.Windows.Application.LoadComponent(Uri resourceLocator, Boolean bSkipJournaledProperties)
   at System.Windows.Application.DoStartup()
   at System.Windows.Application.<.ctor>b__1_0(Object unused)
   at System.Windows.Threading.ExceptionWrapper.InternalRealCall(Delegate callback, Object args, Int32 numArgs)
   at System.Windows.Threading.ExceptionWrapper.TryCatchWhen(Object source, Delegate callback, Object args, Int32 numArgs, Delegate catchHandler)

INNER EXCEPTION
----------------------------------------
Attempted to divide by zero.
   at Engine.Factories.ItemFactory.CreateGameItem(Int32 itemTypeID) in D:\Projects\XAML-and-csharp-Beginner-RPG\Engine\Factories\ItemFactory.cs:line 41
   at Engine.ViewModels.GameSession..ctor() in D:\Projects\XAML-and-csharp-Beginner-RPG\Engine\ViewModels\GameSession.cs:line 135
   at WPFUI.MainWindow..ctor() in D:\Projects\XAML-and-csharp-Beginner-RPG\WPFUI\MainWindow.xaml.cs:line 29

